<?xml version="1.0" encoding="UTF-8"?>
<testsuite xmlns:xsi="http://www.w3.org/2001/XMLSchema-instance" xsi:noNamespaceSchemaLocation="https://maven.apache.org/surefire/maven-surefire-plugin/xsd/surefire-test-report-3.0.xsd" version="3.0" name="com.dhbw.eurovision.EurovisionApplicationTests" time="2.563" tests="1" errors="0" skipped="0" failures="0">
  <properties>
[...]
</properties>
  <testcase name="contextLoads" classname="com.dhbw.eurovision.EurovisionApplicationTests" time="0.233">
    <system-out><![CDATA[11:01:22.183 [main] INFO org.springframework.boot.test.context.SpringBootTestContextBootstrapper -- Found @SpringBootConfiguration com.dhbw.eurovision.EurovisionApplication for test class com.dhbw.eurovision.EurovisionApplicationTests

  .   ____          _            __ _ _
 /\\ / ___'_ __ _ _(_)_ __  __ _ \ \ \ \
( ( )\___ | '_ | '_| | '_ \/ _` | \ \ \ \
 \\/  ___)| |_)| | | | | || (_| |  ) ) ) )
  '  |____| .__|_| |_|_| |_\__, | / / / /
 =========|_|==============|___/=/_/_/_/
 :: Spring Boot ::                (v3.2.5)

2026-04-20T11:01:22.367+02:00  INFO 483777 --- [           main] c.d.e.EurovisionApplicationTests         : Starting EurovisionApplicationTests using Java 25.0.2 with PID 483777 (started by bermar in /home/bermar/GITJBM/Databases_Eurovision_project)
2026-04-20T11:01:22.368+02:00  INFO 483777 --- [           main] c.d.e.EurovisionApplicationTests         : No active profile set, falling back to 1 default profile: "default"
2026-04-20T11:01:22.689+02:00  INFO 483777 --- [           main] .s.d.r.c.RepositoryConfigurationDelegate : Bootstrapping Spring Data JPA repositories in DEFAULT mode.
2026-04-20T11:01:22.720+02:00  INFO 483777 --- [           main] .s.d.r.c.RepositoryConfigurationDelegate : Finished Spring Data repository scanning in 28 ms. Found 9 JPA repository interfaces.
2026-04-20T11:01:22.860+02:00  INFO 483777 --- [           main] o.s.j.d.e.EmbeddedDatabaseFactory        : Starting embedded database: url='jdbc:h2:mem:eurovision_testdb;DB_CLOSE_DELAY=-1;DB_CLOSE_ON_EXIT=false', username='sa'
2026-04-20T11:01:23.025+02:00  INFO 483777 --- [           main] o.hibernate.jpa.internal.util.LogHelper  : HHH000204: Processing PersistenceUnitInfo [name: default]
2026-04-20T11:01:23.053+02:00  INFO 483777 --- [           main] org.hibernate.Version                    : HHH000412: Hibernate ORM core version 6.4.4.Final
2026-04-20T11:01:23.070+02:00  INFO 483777 --- [           main] o.h.c.internal.RegionFactoryInitiator    : HHH000026: Second-level cache disabled
2026-04-20T11:01:23.182+02:00  INFO 483777 --- [           main] o.s.o.j.p.SpringPersistenceUnitInfo      : No LoadTimeWeaver setup: ignoring JPA class transformer
2026-04-20T11:01:23.203+02:00  WARN 483777 --- [           main] org.hibernate.orm.deprecation            : HHH90000025: H2Dialect does not need to be specified explicitly using 'hibernate.dialect' (remove the property setting and it will be selected by default)
2026-04-20T11:01:23.649+02:00  INFO 483777 --- [           main] o.h.e.t.j.p.i.JtaPlatformInitiator       : HHH000489: No JTA platform available (set 'hibernate.transaction.jta.platform' to enable JTA platform integration)
Hibernate: 
    drop table if exists "admin" cascade 
Hibernate: 
    drop table if exists "admin_show" cascade 
Hibernate: 
    drop table if exists "citizen" cascade 
Hibernate: 
    drop table if exists "country" cascade 
Hibernate: 
    drop table if exists "jury" cascade 
Hibernate: 
    drop table if exists "score" cascade 
Hibernate: 
    drop table if exists "show_song" cascade 
Hibernate: 
    drop table if exists "shows" cascade 
Hibernate: 
    drop table if exists "song" cascade 
Hibernate: 
    drop table if exists "user" cascade 
Hibernate: 
    drop table if exists "vote_log" cascade 
Hibernate: 
    create table "admin" (
        "admin_level" integer,
        "user_id" bigint not null,
        primary key ("user_id")
    )
Hibernate: 
    create table "admin_show" (
        "admin_user_id" bigint not null,
        "show_id" bigint not null
    )
Hibernate: 
    create table "citizen" (
        "user_id" bigint not null,
        "phone_number" varchar(20) not null unique,
        primary key ("user_id")
    )
Hibernate: 
    create table "country" (
        "country_code" varchar(3) not null,
        "country_name" varchar(255) not null unique,
        primary key ("country_code")
    )
Hibernate: 
    create table "jury" (
        "user_id" bigint not null,
        "professional_bg" varchar(255),
        primary key ("user_id")
    )
Hibernate: 
    create table "score" (
        "song_score" integer not null,
        "score_id" bigint generated by default as identity,
        "show_id" bigint not null,
        "song_id" bigint not null,
        primary key ("score_id"),
        constraint uq_score_song_show unique ("song_id", "show_id")
    )
Hibernate: 
    create table "show_song" (
        "show_id" bigint not null,
        "song_id" bigint not null
    )
Hibernate: 
    create table "shows" (
        "show_id" bigint generated by default as identity,
        "show_name" varchar(255) not null,
        primary key ("show_id")
    )
Hibernate: 
    create table "song" (
        "country_code" varchar(3) not null,
        "song_id" bigint generated by default as identity,
        "singer_name" varchar(255) not null,
        primary key ("song_id")
    )
Hibernate: 
    create table "user" (
        "country_code" varchar(3) not null,
        "user_id" bigint generated by default as identity,
        primary key ("user_id")
    )
Hibernate: 
    create table "vote_log" (
        "points" integer not null,
        "citizen_id" bigint,
        "jury_id" bigint,
        "show_id" bigint not null,
        "song_id" bigint not null,
        "vote_log_id" bigint generated by default as identity,
        "vote_session_id" varchar(36) not null,
        primary key ("vote_log_id")
    )
Hibernate: 
    alter table if exists "admin" 
       add constraint "FKtbd7s4qjdoai29j91uim1ks4r" 
       foreign key ("user_id") 
       references "user"
Hibernate: 
    alter table if exists "admin_show" 
       add constraint "FK7vsw9gojrcu110ju9xn3q4wjw" 
       foreign key ("show_id") 
       references "shows"
Hibernate: 
    alter table if exists "admin_show" 
       add constraint "FKdmhgrgujgdntfd0q4bwdpi0je" 
       foreign key ("admin_user_id") 
       references "admin"
Hibernate: 
    alter table if exists "citizen" 
       add constraint "FKhueue1bgj221on742yi4d1wa2" 
       foreign key ("user_id") 
       references "user"
Hibernate: 
    alter table if exists "jury" 
       add constraint "FKjuwfxple69enjojlf3j2jy8n7" 
       foreign key ("user_id") 
       references "user"
Hibernate: 
    alter table if exists "score" 
       add constraint "FKexxtxnf4qkpp1py84v25h3iii" 
       foreign key ("show_id") 
       references "shows"
Hibernate: 
    alter table if exists "score" 
       add constraint "FK79ra6itr2duth58j9p48imn9o" 
       foreign key ("song_id") 
       references "song"
Hibernate: 
    alter table if exists "show_song" 
       add constraint "FKofarmm8e9imq097ipucpp1lef" 
       foreign key ("song_id") 
       references "song"
Hibernate: 
    alter table if exists "show_song" 
       add constraint "FKd6ho3wemvccg2bpm5k1261q9p" 
       foreign key ("show_id") 
       references "shows"
Hibernate: 
    alter table if exists "song" 
       add constraint "FKm8vi1yt102ixjaa5130uw9pq" 
       foreign key ("country_code") 
       references "country"
Hibernate: 
    alter table if exists "user" 
       add constraint "FKmush3xjxpa7kbuevnkl8vtegh" 
       foreign key ("country_code") 
       references "country"
Hibernate: 
    alter table if exists "vote_log" 
       add constraint "FKi204c12l1qabj4pi98p1igo5l" 
       foreign key ("citizen_id") 
       references "citizen"
Hibernate: 
    alter table if exists "vote_log" 
       add constraint "FKdbw84vximlfy52h4wecqd5h3g" 
       foreign key ("jury_id") 
       references "jury"
Hibernate: 
    alter table if exists "vote_log" 
       add constraint "FKoso9mjsbpyf51ue01ogc4657o" 
       foreign key ("show_id") 
       references "shows"
Hibernate: 
    alter table if exists "vote_log" 
       add constraint "FKkc030wdmkxhpkdhqy2o9ud1l5" 
       foreign key ("song_id") 
       references "song"
2026-04-20T11:01:23.686+02:00  INFO 483777 --- [           main] j.LocalContainerEntityManagerFactoryBean : Initialized JPA EntityManagerFactory for persistence unit 'default'
2026-04-20T11:01:23.898+02:00  INFO 483777 --- [           main] o.s.d.j.r.query.QueryEnhancerFactory     : Hibernate is in classpath; If applicable, HQL parser will be used.
2026-04-20T11:01:24.149+02:00  WARN 483777 --- [           main] JpaBaseConfiguration$JpaWebConfiguration : spring.jpa.open-in-view is enabled by default. Therefore, database queries may be performed during view rendering. Explicitly configure spring.jpa.open-in-view to disable this warning
2026-04-20T11:01:24.376+02:00  INFO 483777 --- [           main] c.d.e.EurovisionApplicationTests         : Started EurovisionApplicationTests in 2.13 seconds (process running for 2.661)
]]></system-out>
    <system-err><![CDATA[WARNING: A Java agent has been loaded dynamically (/home/bermar/.m2/repository/net/bytebuddy/byte-buddy-agent/1.14.13/byte-buddy-agent-1.14.13.jar)
WARNING: If a serviceability tool is in use, please run with -XX:+EnableDynamicAgentLoading to hide this warning
WARNING: If a serviceability tool is not in use, please run with -Djdk.instrument.traceUsage for more information
WARNING: Dynamic loading of agents will be disallowed by default in a future release
]]></system-err>
  </testcase>
</testsuite>